[    0.000000] Linux vrsion 4.15.0-52-generi (buildd@lgw01-amd64-051) (gc versio 7.3.0 (Ubuntu 7.3.0-16ubuntu3)) #56-Ubuntu SMP Tue Jun 4 22:49:08 UTC 2019 (Ubuntu 4.15.0-52.56-generi 4.15.18)
[   0.000000] Command line: BOOT_IMAGE=/boot/vmlinuz4.15.0-52-generic root=LABEL=cloudimg-rootfs ro console=tty1 console=ttyS0
[    0.000000] KERNEL supported cpus:
[    0.000000]   Intel GenuineIntel
[    0.000000]   AMD AuthenticAMD
[    0.000000]   Centaur CentaurHauls
[    0.000000] x86/fp: Supporting XSAVE feature 0x001: 'x87 floating point registers'
[    0.000000] x86/fpu: Supporting XSAVE feature 0x002 'SSE registers'
[    0.000000] x86/fpu: Supportig XSAVE feature 0x00: 'AVX registers'
[    0.000000] x86/fpu: xstate_offset[2]:  576, xstate_sizes[2]:  256
[    .000000] x86/fpu: Enabled xstate features 0x7, context size is 832 bytes, using 'standard' format.
[    0.000000] e820: BIOS-provided physcal RAM map:
[    0.000000] BIOS-e820: [mem 0x0000000000000000-0x000000000009fbff] usable
[    0.000000] BIOS-e820: [mem 0x000000000009fc00-0x000000000009ffff] reserved
[    0.000000] BIOS-e820: [mem 0x00000000000f0000-0x00000000000fffff] reserved
[    0.00000] BIOS-e820: [mem 0x0000000000100000-0x000000003ffeffff] usable
[    0.000000] BIOS-e820: [mem 0x000000003fff000-0x00000003fffffff] ACPI dta
[   0.000000 BIOS-e820: [mem 0x00000000fec00000-0x00000000fec00fff] reserved
[    0.000000] BIOS-e820: [mem 0x00000000fee00000-0x0000000fee00fff] reserved
[    0.000000] BIOS-e820: [mem 0x00000000fffc0000-0x00000000ffffffff] reserved
    0.00000] X (Execute Disable) protection: active
[    0.000000] SMBIOS 2.5 present.
[    0.000000] DMI: innotek GmbH VirtualBox/VirtualBox, BIOS VirtualBox 12/0/2006
[    0.000000] Hypervisor detected: VM
[    0.000000] e820: last_pfn = 0x3fff0 max_arch_pfn  0x4000000
[    0.000000] MTR: Disabled
[    0.000000] x86/PAT: MTRRs disabled, skippng PAT initalizaton too.
[    0.000000] CPU MTRRs all blank - virtualized system.
[   0.000000] x8/PAT: Coniguration [0-7]: WB  WT  UC- UC  WB  WT  UC- UC  
[    0.000000] found SMP MP-table at [mem 0x0009fff0-0x0009ffff] mapped at [       (ptrval)]
[    0.000000] Scanning 1 areas for lowmemorycorruption
[   0.000000 RAMDISK: mem 0x35a91000-0x36d3ffff]
[    0.000000] ACPI: Ealy tablechecksum verifiation disabled
[    0.00000] ACPI: RDP 0x00000000000E0000 000024 (v02 VBOX  )
[    0.000000] ACP: XSDT x000000003FFF030 00003C (v01 VBOX   VBOXXSDT 00000001 ASL  000000611)
[    0.000000] ACPI: FACP 0x000000003FFF00F0 0000F4 (v04 VBOX   VBOXFACP 0000001 ASL  00000061)
[    0.000000] ACPI: DSDT 0x000000003FFF0470 0021FF(v02 VBOX   VBOXBIOS 00000002 INTL 20100528)
[    0.00000] ACPI: FACS 0x00000003FFF0200 000040
[    0.000000] ACPI: FACS 0x000000003FFF0200 000040
[    0.000000] ACPI: APIC 0x000000003FF024000005C (v02VBOX   VBOXAPIC 00000001 ASL  0000061)
[    0.000000] ACPI: SSDT 0x000000003FFF02A0 0001CC (v01 VBOX   VBOXCPUT 0000002 INTL 2000528)
[    0.000000] No NUMA configuration found
[    0.000000] Faking a node at [mem 0x000000000000000-0x000000003ffeffff]
[    0.000000] NODE_DATA(0) allocated [mem 0x3ffc5000-0x3ffeffff]
[    0.00000] kvm-clock: cpu 0, msr 03ff44001, pimary cpu clock
[    0.00000] kvmclock Using srs 4564d01 and 4564d00
[    0.000000] kvm-clock: using ched offset of 4971474631 cycle
[    0.000000] clockource: kvm-clock: mask: 0xfffffffffffffff max_cycls: 0x1cd42edffb,max_ile_ns: 881590591483 ns
[    0.000000] Zone ranges
[    0.000000]  DMA      [mem 0x0000000000001000-00000000000ffffff]
[    0.000000]   DMA32    [mem 0x000000000100000-0x000000003ffeffff]
[    0000000]   Normal   empty
[    0.000000]   Device  empty
[    0.000000 Movabe zone start for eah node
[    0.00000] Early memry noe ranges
[    0.000000]   nod   0: [mem 0x000000000001000-0x000000000009efff]
[    0.000000]   node   0: [mem 0x0000000000100000-0x000000003feffff]
[    0.000000] Reserve but unavailable: 114 pages
[    0.000000] Initmem setup node 0 [mem0x0000000000001000-0x000000003ffeffff]
[    0.00000] ACPI: PM-Timer IO Port: 0x4008
[   0.000000] IOAPIC[0]: apic_id2, version 32 address 0xfec00000, GSI 0-23
[    0.000000] ACPI: INT_SRC_OVR (bus 0 bus_rq 0 global_irq 2 dfl dfl)
[    0.000000] ACPI: INT_SRC_OVR (bus 0bbus_irq 9 global_irq 9 low level)
[    0.000000] Using ACPI (MADT) for SMP configuration information
[    0.000000] smpboot: Allowing 2 CPUs, 0 hotplug CPUs
[    0.000000] PM: Registered nosave memory: [mem 0x00000000-0x00000fff]
[    0.000000] PM: Registered nosave memory: [mem 0x0009f000-0x0009ffff]
[    0.000000] PM: Registered nosave memory: [mem 0x000a0000-0x000effff]
[    0.000000] PM: Registered nosavememory [mem 0x000f0000-0x000fffff]
[    0.000000] e820: [mem 0x40000000-0xfebfffff] available for PCI devices
[    0.00000] Booting paravirtualized kenel on KVM
[    0.000000] clocksource: refned-jiffie: mak: 0xffffffff max_cycles: 0xffffffff, max_idle_ns: 7645519600211568 ns
[    0.00000] random: get_random_ytes called from start_kernel+0x99/0x4fd with crng_init=0
[    0.000000] setup_percpu: NR_CPUS:8192 nr_cpumask_bits:2 nr_cpu_ids:2 nr_node_ids:1
[    0.000000] percpu: Embedded 46 pages/cpu @        (ptrval) s15552 r8192 d28672 u1048576
[    0.000000] PV qspinlock hash table entries: 256 (order: 0, 4096 bytes)
[    0.000000] Built 1 zonelists, mobility grouping on.  Total pages: 257913
[   0.000000] Policy zoe: DMA32
[    0.00000] Kernel command line: BOOT_IAGE=/boo/vmlinuz-415.0-52-generic root=LABEL=clouimg-rootfs ro console=tty1 consoe=ttyS0
[   0.000000] Memory:983452K/1048120K available (12300K krnel code, 2473K rwdata, 4272K rodata, 2408K ini, 2416K bss, 64668K reserved, 0K cma-reserved)
[    0.000000] LUB: HWalign=64, Order=0-3, MinObjects=0, CPUs=2, Nodes=1
[   0.000000] Kernel/User page tables isolaton: enabled
[    0.000000] ftrace: allocating 39216 entries in 54 pages
[    0.004000] Hierarchical RCU implementatio.
[    0.04000] 	RCU restricting CPUs fom NR_CPUS=8192 to n_ccpu_ids=2.
[    0.004000] 	Task RCU enbled.
[    .004000] RCU: Adjusting geometry for rcu_fanout_leaf=16, nr_cpu_ids=2
[    0.004000] NR_IRQS: 524544, nr_irqs: 440, preallocated irqs: 16
[    0.004000] Console: colour VGA+ 80x25
    0.004000] console [tty1] enabled
[    0.04000] conole [ttyS0 enabled
[    0.004000] ACPI: Core revision 20170831
[    .004000] ACPI: 2ACPI AML tables successfully acquired and loaded
[    0.004000] APIC: Switch to syymmetric I/O mode setup
[    0.004000] x2apic enabled
[    0.004012] Switched APIC routing to physical x2apic.
[    0.010227] ..TIMER: vector=0x30 apic1=0 pin1=2 apic2=-1 pin2=-1
[    0.012010] tsc: Detected 2711.998 MHz processor
[    0.016019] Calibrating delay loop (skipped) preset value.. 5423.99 BogoMIPS (lpj=10847992)
[    0.020015] pid_max: default: 32768 minimum: 301
[    0.021649] Security Framework initialized
[    0.024012] Yama: becoming mindful.
[    0.028102] AppArmor: AppArmor initialized
[    0.032079] Dentry cache hash table entries: 131072 (order: 8, 1048576 bytes)
[    0.036115] Inode-cache hash table entries: 65536 (order: 7, 524288 bytes)
[    0.040046] Mount-cache hash table entries: 2048 (order: 2, 16384 bytes)
[    0.044028] Mountpoint-cache hash table entries: 2048 (order: 2, 16384 bytes)
[    0.048359] mce: CPU supports 0 MCE banks
[    0.052033] Last level iTLB entries: 4KB 64, 2MB 8, 4MB 8
[    0.056010] Last level dTLB entries: 4KB 64, 2MB 0, 4MB 0, 1GB 4
[    0.060012] Spectre V2 : Mitigation: Full generic retpoline
[    0.061846] Spectre V2 : Spectre v2 / SpectreRSB mitigation: Filling RSB on context switch
[    0.064011] Speculative Store Bypass: Vulnerable
[    0.068081] MDS: Vulnerable: Clear CPU buffers attempted, no microcode
[    0.072253] Freeing SMP alternatives memory: 36K
[    0.084000] smpboot: CPU0: Intel(R) Core(TM) i5-7200U CPU @ 2.50GHz (family: 0x6, model: 0x8e, stepping: 0x9)
[    0.084181] Performance Events: unsupported p6 CPU model 142 no PMU driver, software events only.
[    0.088188] Hierarchical SRCU implementation.
[    0.093897] NMI watchdog: Perf event create on CPU 0 failed with -2
[    0.096013] NMI watchdog: Perf NMI watchdog permanently disabled
[    0.100131] smp: Bringing up secondary CPUs ...
[    0.104262] x86: Booting SMP configuration:
[    0.108013] .... node  #0, CPUs:      #1
[    0.004000] kvm-clock: cpu 1, msr 0:3ff44041, secondary cpu clock
[    0.004000] mce: CPU supports 0 MCE banks
[    0.138116] smp: Brought up 1 node, 2 CPUs
[    0.140017] smpboot: Max logical packages: 1
[    0.144013] smpboot: Total of 2 processors activated (10847.99 BogoMIPS)
[    0.148248] devtmpfs: initialized
[    0.152095] x86/mm: Memory block size: 128MB
[    0.156233] evm: security.selinux
[    0.160013] evm: security.SMACK64
[    0.164008] evm: security.SMACK64EXEC
[    0.168008] evm: security.SMACK64TRANSMUTE
[    0.172008] evm: security.SMACK64MMAP
[    0.176007] evm: security.apparmor
[    0.180008] evm: security.ima
[    0.184008] evm: security.capability
[    0.188237] clocksource: jiffies: mask: 0xffffffff max_cycles: 0xffffffff, max_idle_ns: 7645041785100000 ns
[    0.192029] futex hash table entries: 512 (order: 3, 32768 bytes)
[    0.200073] pinctrl core: initialized pinctrl subsystem
[    0.212226] RTC time:  3:43:53, date: 07/02/19
[    0.220042] NET: Registered protocol family 16
[    0.228045] audit: initializing netlink subsys (disabled)
[    0.236008] audit: type=2000 audit(1562039022.766:1): state=initialized audit_enabled=0 res=1
[    0.264020] cpuidle: using governor ladder
[    0.268025] cpuidle: using governor menu
[    0.272132] ACPI: bus type PCI registered
[    0.276012] acpiphp: ACPI Hot Plug PCI Controller Driver version: 0.5
[    0.280220] PCI: Using configuration type 1 for base access
[    0.288088] HugeTLB registered 2.00 MiB page size, pre-allocated 0 pages
[    0.292142] ACPI: Added _OSI(Module Device)
[    0.296024] ACPI: Added _OSI(Processor Device)
[    0.300023] ACPI: Added _OSI(3.0 _SCP Extensions)
[    0.304010] ACPI: Added _OSI(Processor Aggregator Device)
[    0.308010] ACPI: Added _OSI(Linux-Dell-Video)
[    0.312014] ACPI: Added _OSI(Linux-Lenovo-NV-HDMI-Audio)
[    0.316013] ACPI: Added _OSI(Linux-HPI-Hybrid-Graphics)
[    0.320462] ACPI: Executed 1 blocks of module-level executable AML code
[    0.330542] ACPI: Interpreter enabled
[    0.332038] ACPI: (supports S0 S5)
[    0.336009] ACPI: Using IOAPIC for interrupt routing
[    0.340441] PCI: Using host bridge windows from ACPI; if necessary, use "pci=nocrs" and report a bug
[    0.344332] ACPI: Enabled 2 GPEs in block 00 to 07
[    0.360970] ACPI: PCI Root Bridge [PCI0] (domain 0000 [bus 00-ff])
[    0.364026] acpi PNP0A03:00: _OSC: OS supports [ASPM ClockPM Segments MSI]
[    0.368073] acpi PNP0A03:00: _OSC: not requesting OS control; OS requires [ExtendedConfig ASPM ClockPM MSI]
[    0.372038] acpi PNP0A03:00: fail to add MMCONFIG information, can't access extended PCI configuration space under this bridge.
[    0.376823] PCI host bridge to bus 0000:00
[    0.378442] pci_bus 0000:00: root bus resource [io  0x0000-0x0cf7 window]
[    0.380015] pci_bus 0000:00: root bus resource [io  0x0d00-0xffff window]
[    0.384016] pci_bus 0000:00: root bus resource [mem 0x000a0000-0x000bffff window]
[    0.388015] pci_bus 0000:00: root bus resource [mem 0x40000000-0xfdffffff window]
[    0.392015] pci_bus 0000:00: root bus resource [bus 00-ff]
[    0.402483] pci 0000:00:01.1: legacy IDE quirk: reg 0x10: [io  0x01f0-0x01f7]
[    0.404013] pci 0000:00:01.1: legacy IDE quirk: reg 0x14: [io  0x03f6]
[    0.408014] pci 0000:00:01.1: legacy IDE quirk: reg 0x18: [io  0x0170-0x0177]
[    0.412013] pci 0000:00:01.1: legacy IDE quirk: reg 0x1c: [io  0x0376]
[    0.446350] pci 0000:00:07.0: quirk: [io  0x4000-0x403f] claimed by PIIX4 ACPI
[    0.448046] pci 0000:00:07.0: quirk: [io  0x4100-0x410f] claimed by PIIX4 SMB
[    0.470133] ACPI: PCI Interrupt Link [LNKA] (IRQs 5 9 10 *11)
[    0.476177] ACPI: PCI Interrupt Link [LNKB] (IRQs 5 9 *10 11)
[    0.480316] ACPI: PCI Interrupt Link [LNKC] (IRQs 5 *9 10 11)
[    0.488156] ACPI: PCI Interrupt Link [LNKD] (IRQs 5 9 10 *11)
[    0.496633] SCSI subsystem initialized
[    0.500110] pci 0000:00:02.0: vgaarb: setting as boot VGA device
[    0.504000] pci 0000:00:02.0: vgaarb: VGA device added: decodes=io+mem,owns=io+mem,locks=none
[    0.504021] pci 0000:00:02.0: vgaarb: bridge control possible
[    0.508012] vgaarb: loaded
[    0.512080] ACPI: bus type USB registered
[    0.513591] usbcore: registered new interface driver usbfs
[    0.516041] usbcore: registered new interface driver hub
[    0.520052] usbcore: registered new device driver usb
[    0.524141] EDAC MC: Ver: 3.0.0
[    0.528476] PCI: Using ACPI for IRQ routing
[    0.536232] NetLabel: Initializing
[    0.540009] NetLabel:  domain hash size = 128
[    0.544009] NetLabel:  protocols = UNLABELED CIPSOv4 CALIPSO
[    0.548053] NetLabel:  unlabeled traffic allowed by default
[    0.552158] clocksource: Switched to clocksource kvm-clock
[    05871 VS:Dik uoas dquo_6.6.0
[    1.10029] FS Duo-cche ash table entries: 512 (order 0, 4096 bytes)
[  1.344956] AppArmor: AppArmor Filesystem Enabled
[    1.414229] pnp: PnP ACPI init
[   1.418276] pnp: PnP ACPI: found 3 devices

[   1.4968] clcksource: acpi_pm: mask: 0xffffff max_cycles: 0xfffff, max_idle_ns: 208570124 ns
[   .6332]NE: egstedroocl amly2

[    2.308116] TCP establishd shtable entries: 8192 (order: 4, 65536 bytes)
[   464838] TCP bind hash table entries: 8192 (order: 5, 131072 bytes)
[   2.579061] TCP: Hash tables configred (established 8192 bind 8192
   2.677904] UDP hash table entries: 512 (order: 2, 16384 bytes)
[   2.742968] DP-Lite hash table entries: 512 (order: 2, 1634 bytes)
[    .847400] NET: Registered protocol family 1
[   2.880172] pci 000:0:0.0 Limitig irect PCI/PCI transfers
[   .13000] pc 0000:0:01.0: Activating ISA DMA hangworkaouds
[   3.48752 pi 0000:00:02.0: Video device with shadowed ROM at [me 0x000c000-0x000dffff]
[    3.753029] Unpacking initramfs...

[    4.224440] Freeing initrd memory: 19132K
[    4.237088] clocksource: tsc: mask: 0xffffffffffffffff max_cycles: 0x27178451938, max_idle_ns: 440795251172 ns
[    4.250962] platform rtc_cmos: registered platform RTC device (no PNP device found)
[    4.265426] Scanning for low memory corruption every 60 seconds
[    4.275310] Initialise system trusted keyrings
[    4.304671] Key type blacklist registered
[    4.313147] workingset: timestamp_bits=36 max_order=18 bucket_order=0
[    4.322633] zbud: loaded
[    4.326947] squashfs: version 4.0 (2009/01/31) Phillip Lougher
[    4.338973] fuse init (API version 7.26)
[    4.355552] Key type asymmetric registered
[    4.376972] Asymmetric key parser 'x509' registered
[    4.383024] Block layer SCSI generic (bsg) driver version 0.4 loaded (major 246)
[    4.396115] io scheduler noop registered
[    4.401821] io scheduler deadline registered
[    4.416755] io scheduler cfq registered (default)
[    4.428347] ACPI: AC Adapter [AC] (off-line)
[    4.452615] input: Power Button as /devices/LNXSYSTM:00/LNXPWRBN:00/input/input0
[    4.463806] ACPI: Power Button [PWRF]
[    4.473961] input: Sleep Button as /devices/LNXSYSTM:00/LNXSLPBN:00/input/input1
[    4.490099] ACPI: Sleep Button [SLPF]
[    4.496033] Serial: 8250/16550 driver, 32 ports, IRQ sharing enabled
[    4.497702] ACPI: Battery Slot [BAT0] (battery present)
[    4.542601] 00:02: ttyS0 at I/O 0x3f8 (irq = 4, base_baud = 115200) is a 16550A
[    4.560341] Linux agpgart interface v0.103
[    4.573750] loop: module loaded
[    4.589210] scsi host0: ata_piix
[    4.601198] scsi host1: ata_piix
[    4.614919] ata1: PATA max UDMA/33 cmd 0x1f0 ctl 0x3f6 bmdma 0xd000 irq 14
[    4.631216] ata2: PATA max UDMA/33 cmd 0x170 ctl 0x376 bmdma 0xd008 irq 15
[    4.651754] libphy: Fixed MDIO Bus: probed
[    4.667353] tun: Universal TUN/TAP device driver, 1.6
[    4.682850] PPP generic driver version 2.4.2
[    4.690763] ehci_hcd: USB 2.0 'Enhanced' Host Controller (EHCI) Driver
[    4.717158] ehci-pci: EHCI PCI platform driver
[    4.733882] ehci-platform: EHCI generic platform driver
[    4.746062] ohci_hcd: USB 1.1 'Open' Host Controller (OHCI) Driver
[    4.767683] ohci-pci: OHCI PCI platform driver
[    4.772400] ohci-platform: OHCI generic platform driver
[    4.786511] uhci_hcd: USB Universal Host Controller Interface driver
[    4.798291] i8042: PNP: PS/2 Controller [PNP0303:PS2K,PNP0f03:PS2M] at 0x60,0x64 irq 1,12
[    4.817867] serio: i8042 KBD port at 0x60,0x64 irq 1
[    4.823539] serio: i8042 AUX port at 0x60,0x64 irq 12
[    4.831389] mousedev: PS/2 mouse device common for all mice
[    4.837174] input: AT Translated Set 2 keyboard as /devices/platform/i8042/serio0/input/input2
[    4.852766] rtc_cmos rtc_cmos: rtc core: registered rtc_cmos as rtc0
[    4.861987] rtc_cmos rtc_cmos: alarms up to one day, 114 bytes nvram
[    4.876588] i2c /dev entries driver
[    4.878527] device-mapper: uevent: version 1.0.3
[    4.882942] device-mapper: ioctl: 4.37.0-ioctl (2017-09-20) initialised: dm-devel@redhat.com
[    4.888654] ledtrig-cpu: registered to indicate activity on CPUs
[    4.892654] NET: Registered protocol family 10
[    4.906059] Segment Routing with IPv6
[    4.915133] NET: Registered protocol family 17
[    4.929935] Key type dns_resolver registered
[    4.943633] RAS: Correctable Errors collector initialized.
[    4.956684] sched_clock: Marking stable (4956626532, 0)->(22665229067, -17708602535)
[    4.969712] registered taskstats version 1
[    4.974182] Loading compiled-in X.509 certificates
[    4.979470] Loaded X.509 cert 'Build time autogenerated kernel key: 090ea8f218b1de455a55c926855dfde92833e981'
[    4.998050] zswap: loaded using pool lzo/zbud
[    5.006874] Key type big_key registered
[    5.012681] Key type trusted registered
[    5.018378] Key type encrypted registered
[    5.044443] AppArmor: AppArmor sha1 policy hashing enabled
[    5.053805] ima: No TPM chip found, activating TPM-bypass! (rc=-19)
[    5.059514] ima: Allocated hash algorithm: sha1
[    5.064782] evm: HMAC attrs: 0x1
[    5.069404]   Magic number: 11:155:714
[    5.074632] rtc_cmos rtc_cmos: setting system clock to 2019-07-02 03:43:58 UTC (1562039038)
[    5.079685] BIOS EDD facility v0.16 2004-Jun-25, 0 devices found
[    5.083735] EDD information not available.
[    5.091934] Freeing unused kernel image memory: 2408K
[    5.108919] Write protecting the kernel read-only data: 20480k
[    5.118409] Freeing unused kernel image memory: 2008K
[    5.138069] Freeing unused kernel image memory: 1872K
[    5.156434] x86/mm: Checked W+X mappings: passed, no W+X pages found.
[    5.170577] x86/mm: Checking user space page tables
[    5.187748] x86/mm: Checked W+X mappings: passed, no W+X pages found.
Loading, please wait...
starting version 237
[    5.347140] Fusion MPT base driver 3.04.20
[    5.351840] Copyright (c) 1999-2008 LSI Corporation
[    5.396112] e1000: Intel(R) PRO/1000 Network Driver - version 7.3.21-k8-NAPI
[    5.427523] e1000: Copyright (c) 1999-2006 Intel Corporation.
[    5.450671] AVX2 version of gcm_enc/dec engaged.
[    5.457951] AES CTR mode by8 optimization enabled
[    5.472973] Fusion MPT SPI Host driver 3.04.20
[    5.591766] input: ImExPS/2 Generic Explorer Mouse as /devices/platform/i8042/serio1/input/input4
[    5.900209] e1000 0000:00:03.0 eth0: (PCI:33MHz:32-bit) 02:3b:4e:3f:5a:8d
[    6.312691] e1000 0000:00:03.0 eth0: Intel(R) PRO/1000 Network Connection
[    9.162185] e1000 0000:00:08.0 eth1: (PCI:33MHz:32-bit) 08:00:27:74:97:be
[    9.255673] e1000 0000:00:08.0 eth1: Intel(R) PRO/1000 Network Connection
[    9.376480] e1000 0000:00:03.0 enp0s3: renamed from eth0
[    9.400085] mptbase: ioc0: Initiating bringup
[    9.469266] e1000 0000:00:08.0 enp0s8: renamed from eth1
[    9.532746] ioc0: LSI53C1030 A0: Capabilities={Initiator}
[    9.785410] scsi host2: ioc0: LSI53C1030 A0, FwRev=00000000h, Ports=1, MaxQ=256, IRQ=20
[    9.977323] scsi 2:0:0:0: Direct-Access     VBOX     HARDDISK         1.0  PQ: 0 ANSI: 5
[   10.310061] scsi target2:0:0: Beginning Domain Validation
[   11.147475] scsi target2:0:0: Domain Validation skipping write tests
[   11.175559] scsi target2:0:0: Ending Domain Validation
[   11.245945] scsi target2:0:0: asynchronous
[   11.249822] scsi 2:0:1:0: Direct-Access     VBOX     HARDDISK         1.0  PQ: 0 ANSI: 5
[   12.133174] scsi target2:0:1: Beginning Domain Validation
[   12.174371] random: fast init done
[   12.193703] scsi target2:0:1: Domain Validation skipping write tests
[   12.244962] scsi target2:0:1: Ending Domain Validation
[   12.251664] scsi target2:0:1: asynchronous
[   12.267707] random: systemd-udevd: uninitialized urandom read (16 bytes read)
[   12.268117] sd 2:0:0:0: [sda] 20971520 512-byte logical blocks: (10.7 GB/10.0 GiB)
[   12.268188] sd 2:0:0:0: [sda] Write Protect is off
[   12.268335] sd 2:0:0:0: [sda] Incomplete mode parameter data
[   12.268336] sd 2:0:0:0: [sda] Assuming drive cache: write through
[   12.315671] random: systemd-udevd: uninitialized urandom read (16 bytes read)
[   12.315923] sd 2:0:0:0: Attached scsi generic sg0 type 0
[   12.317115]  sda: sda1
[   12.337158] random: systemd-udevd: uninitialized urandom read (16 bytes read)
[   12.338109] sd 2:0:0:0: [sda] Attached SCSI disk
[   12.338779] sd 2:0:1:0: [sdb] 20480 512-byte logical blocks: (10.5 MB/10.0 MiB)
[   12.338882] sd 2:0:1:0: [sdb] Write Protect is off
[   12.339117] sd 2:0:1:0: [sdb] Incomplete mode parameter data
[   12.339120] sd 2:0:1:0: [sdb] Assuming drive cache: write through
[   12.352584] sd 2:0:1:0: Attached scsi generic sg1 type 0
[   12.354887] sd 2:0:1:0: [sdb] Attached SCSI disk
Begin: Loading essential drivers ... [   14.640054] raid6: sse2x1   gen()  4182 MB/s
[   14.692436] raid6: sse2x1   xor()  3265 MB/s
[   14.756084] raid6: sse2x2   gen()  5386 MB/s
[   14.820444] raid6: sse2x2   xor()  2736 MB/s
[   14.912194] raid6: sse2x4   gen()  6028 MB/s
[   14.980512] raid6: sse2x4   xor()  3539 MB/s
[   15.032258] raid6: avx2x1   gen()  8542 MB/s
[   15.084054] raid6: avx2x1   xor()  6347 MB/s
[   15.140081] raid6: avx2x2   gen()  9839 MB/s
[   15.196309] raid6: avx2x2   xor()  4929 MB/s
[   15.248480] raid6: avx2x4   gen() 15030 MB/s
[   15.304094] raid6: avx2x4   xor()  6417 MB/s
[   15.315378] raid6: using algorithm avx2x4 gen() 15030 MB/s
[   15.317742] raid6: .... xor() 6417 MB/s, rmw enabled
[   15.319583] raid6: using avx2x2 recovery algorithm
[   15.332085] xor: automatically using best checksumming function   avx       
[   15.374078] async_tx: api initialized (async)
done.
Begin: Running /scripts/init-premount ... done.
Begin: Mounting root file system ... Begin: Running /scripts/local-top ... done.
Begin: Running /scripts/local-premount ... [   15.490604] Btrfs loaded, crc32c=crc32c-intel
Scanning for Btrfs filesystems
done.
Warning: fsck no[   15.547034] EXT4-fs (sda1): mounted filesystem with ordered data mode. Opts: (null)
t present, so skipping root file system
done.
Begin: Running /scripts/local-bottom ... done.
Begin: Running /scripts/init-bottom ... done.
[   15.976782] ip_tables: (C) 2000-2006 Netfilter Core Team
[   16.053242] systemd[1]: systemd 237 running in system mode. (+PAM +AUDIT +SELINUX +IMA +APPARMOR +SMACK +SYSVINIT +UTMP +LIBCRYPTSETUP +GCRYPT +GNUTLS +ACL +XZ +LZ4 +SECCOMP +BLKID +ELFUTILS +KMOD -IDN2 +IDN -PCRE2 default-hierarchy=hybrid)
[   16.162306] systemd[1]: Detected virtualization oracle.
[   16.173562] systemd[1]: Detected architecture x86-64.

Welcome to [1mUbuntu 18.04.2 LTS[0m!

[   16.290412] systemd[1]: Set hostname to <ubuntu-bionic>.
[   16.843123] systemd[1]: Created slice System Slice.
[[0;32m  OK  [0m] Created slice System Slice.
[   16.897476] systemd[1]: Listening on Journal Audit Socket.
[[0;32m  OK  [0m] Listening on Journal Audit Socket.
[   16.953543] systemd[1]: Listening on LVM2 metadata daemon socket.
[[0;32m  OK  [0m] Listening on LVM2 metadata daemon socket.
[   16.981170] systemd[1]: Started Forward Password Requests to Wall Directory Watch.
[[0;32m  OK  [0m] Started Forward Password Requests to Wall Directory Watch.
[   17.044558] systemd[1]: Reached target Swap.
[[0;32m  OK  [0m] Reached target Swap.
[   17.073024] systemd[1]: Listening on Device-mapper event daemon FIFOs.
[[0;32m  OK  [0m] Listening on Device-mapper event daemon FIFOs.
[[0;32m  OK  [0m] Set up automount Arbitrary Executab…rmats File System Automount Point.
[[0;32m  OK  [0m] Listening on udev Control Socket.
[[0;32m  OK  [0m] Reached target User and Group Name Lookups.
[[0;32m  OK  [0m] Listening on udev Kernel Socket.
[[0;32m  OK  [0m] Listening on Journal Socket.
         Starting Create list of required st…ce nodes for the current kernel...
         Starting Uncomplicated firewall...
         Starting Set the console keyboard layout...
         Starting Monitoring of LVM2 mirrors…ng dmeventd or progress polling...
         Mounting Huge Pages File System...
[[0;32m  OK  [0m] Listening on Journal Socket (/dev/log).
         Mounting Kernel Debug File System...
         Starting Remount Root and Kernel File Systems...
[[0;32m  OK  [0m] Listening on LVM2 poll daemon socket.
[   17.732210] EXT4-fs (sda1): re-mounted. Opts: (null)
         Starting udev Coldplug all Devices...
[[0;32m  OK  [0m] Listening on /dev/initctl Compatibility Named Pipe.
[   17.836874] random: crng init done
[   18.407209] random: 7 urandom warning(s) missed due to ratelimiting
[[0;32m  OK  [0m] Reached target System Time Synchronized.
         Mounting POSIX Message Queue File System...
[[0;32m  OK  [0m] Listening on Network Service Netlink Socket.
         Starting Load Kernel Modules...
[[0;32m  OK  [0m] Created slic[   18.614500] Loading iSCSI transport class v2.0-870.
e system-serial\[   18.685051] iscsi: registered transport (tcp)
x2dgetty.slice.
[[0;32m  OK  [[   18.722106] iscsi: registered transport (iser)
0m] Listening on Syslog Socket.
         Starting Journal Service...
[[0;32m  OK  [0m] Created slice User and Session Slice.
[[0;32m  OK  [0m] Reached target Slices.
[[0;32m  OK  [0m] Started Create list of required sta…vice nodes for the current kernel.
[[0;32m  OK  [0m] Started Journal Service.
[[0;32m  OK  [0m] Started Uncomplicated firewall.
[[0;32m  OK  [0m] Mounted Huge Pages File System.
[[0;32m  OK  [0m] Mounted Kernel Debug File System.
[[0;32m  OK  [0m] Started Remount Root and Kernel File Systems.
[[0;32m  OK  [0m] Mounted POSIX Message Queue File System.
[[0;32m  OK  [0m] Started Load Kernel Modules.
[[0;32m  OK  [0m] Started LVM2 metadata daemon.
         Mounting FUSE Control File System...
         Starting Apply Kernel Variables...
         Mounting Kernel Configuration File System...
         Starting Load/Save Random Seed...
         Starting Flush Journal to Persistent Storage...
         Starting Create Static Device Nodes in /dev...
[[0;32m  OK  [0m] Started Monitoring of LVM2 mirrors,…sing dmeventd or progress polling.
[[0;32m  OK  [0m] Started udev Coldplug all Devices.
[[0;32m  OK  [0m] Mounted FUSE Control File System.
[[0;32m  OK  [0m] Started Apply Kernel Variables.
[[0;32m  OK  [0m] Mounted Kernel Configuration File System.
[[0;32m  OK  [0m] Started Load/Save Random Seed.
[[0;32m  OK  [0m] Started Create Static Device Nodes in /dev.
         Starting udev Kernel Device Manager...
[[0;32m  OK  [0m] Started Flush Journal to Persistent Storage.
[[0;32m  OK  [0m] Started udev Kernel Device Manager.
[[0;32m  OK  [0m] Started Set the console keyboard layout.
[[0;32m  OK  [0m] Started Dispatch Password Requests to Console Directory Watch.
[[0;32m  OK  [0m] Reached target Local Encrypted Volumes.
[[0;32m  OK  [0m] Reached target Local File Systems (Pre).
[[0;32m  OK  [0m] Reached target Local File Systems.
         Starting Set console font and keymap...
         Starting ebtables ruleset management...
         Starting AppArmor initialization...
         Starting Create Volatile Files and Directories...
         Starting Tell Plymouth To Write Out Runtime Data...
[[0;32m  OK  [0m] Started Set console font and keymap.
[[0;32m  OK  [0m] Started Create Volatile Files and Directories.
[[0;32m  OK  [0m] Started Tell Plymouth To Write Out Runtime Data.
         Starting Update UTMP about System Boot/Shutdown...
[[0;32m  OK  [0m] Started Update UTMP about System Boot/Shutdown.
[[0;32m  OK  [0m] Started ebtables ruleset management.
[[0;32m  OK  [0m] Found device /dev/ttyS0.
[[0;32m  OK  [0m] Listening on Load/Save RF Kill Switch Status /dev/rfkill Watch.
[[0;32m  OK  [0m] Started AppArmor initialization.
         Starting Initial cloud-init job (pre-networking)...
[   24.941271] cloud-init[553]: Cloud-init v. 19.1-1-gbaa47854-0ubuntu1~18.04.1 running 'init-local' at Tue, 02 Jul 2019 03:44:17 +0000. Up 24.26 seconds.
[[0;32m  OK  [0m] Started Initial cloud-init job (pre-networking).
[[0;32m  OK  [0m] Reached target Network (Pre).
         Starting Network Service...
[[0;32m  OK  [0m] Started Network Service.
         Starting Network Name Resolution...
         Starting Wait for Network to be Configured...
[[0;32m  OK  [0m] Started Network Name Resolution.
[[0;32m  OK  [0m] Reached target Host and Network Name Lookups.
[[0;32m  OK  [0m] Reached target Network.
[[0;32m  OK  [0m] Started Wait for Network to be Configured.
         Starting Initial cloud-init job (metadata service crawler)...
[   28.446723] cloud-init[700]: Cloud-init v. 19.1-1-gbaa47854-0ubuntu1~18.04.1 running 'init' at Tue, 02 Jul 2019 03:44:21 +0000. Up 27.91 seconds.
[   28.558035] cloud-init[700]: ci-info: ++++++++++++++++++++++++++++++++++++++Net device info+++++++++++++++++++++++++++++++++++++++
[   28.613282] cloud-init[700]: ci-info: +--------+------+-----------------------------+---------------+--------+-------------------+
[   28.752439] cloud-init[700]: ci-info: | Device |  Up  |           Address           |      Mask     | Scope  |     Hw-Address    |
[   28.896493] cloud-init[700]: ci-info: +--------+------+-----------------------------+---------------+--------+-------------------+
[[0;32m  OK  [0m] Started Initial cloud-init job (metadata service crawler).
[   28.944813] cloud-init[700]: ci-info: | enp0s3 | True |          10.0.2.15          | 255.255.255.0 | global | 02:3b:4e:3f:5a:8d |
[[0;32m  OK  [0m] Reached target Network is Online.
[   29.186126] cloud-init[700]: ci-info: | enp0s3 | True |  fe80::3b:4eff:fe3f:5a8d/64 |       .       |  link  | 02:3b:4e:3f:5a:8d |
         Starting Availability of block devices...
[[0;32m  OK  [0m] Reached target Remote File Systems (Pre).
[[0;32m  OK  [0m] Reached target Remote File Systems.
[   29.398296] cloud-init[700]: ci-info: | enp0s8 | True |        192.168.33.10        | 255.255.255.0 | global | 08:00:27:74:97:be |
[[0;32m  OK  [0m] Reached target System Initialization.
[   29.709897] cloud-init[700]: ci-info: | enp0s8 | True | fe80::a00:27ff:fe74:97be/64 |       .       |  link  | 08:00:27:74:97:be |
         [   29.864557] cloud-init[700]: ci-info: |   lo   | True |          127.0.0.1          |   255.0.0.0   |  host  |         .         |
[   29.865065] cloud-init[700]: ci-info: |   lo   | True |           ::1/128           |       .       |  host  |         .         |
[   29.865359] cloud-init[700]: ci-info: +--------+------+-----------------------------+---------------+--------+-------------------+
[   29.865577] cloud-init[700]: ci-info: +++++++++++++++++++++++++++++Route IPv4 info+++++++++++++++++++++++++++++
[   29.865860] cloud-init[700]: ci-info: +-------+--------------+----------+-----------------+-----------+-------+
[   29.866205] cloud-init[700]: ci-info: | Route | Destination  | Gateway  |     Genmask     | Interface | Flags |
[   29.866482] cloud-init[700]: ci-info: +-------+--------------+----------+-----------------+-----------+-------+
[   29.866703] cloud-init[700]: ci-info: |   0   |   0.0.0.0    | 10.0.2.2 |     0.0.0.0     |   enp0s3  |   UG  |
[   29.866921] cloud-init[700]: ci-info: |   1   |   10.0.2.0   | 0.0.0.0  |  255.255.255.0  |   enp0s3  |   U   |
[   29.867208] cloud-init[700]: ci-info: |   2   |   10.0.2.2   | 0.0.0.0  | 255.255.255.255 |   enp0s3  |   UH  |
[   29.867453] cloud-init[700]: ci-info: |   3   | 192.168.33.0 | 0.0.0.0  |  255.255.255.0  |   enp0s8  |   U   |
[   29.867685] cloud-init[700]: ci-info: +-------+--------------+----------+-----------------+-----------+-------+
[   29.867901] cloud-init[700]: ci-info: +++++++++++++++++++Route IPv6 info+++++++++++++++++++
[   29.869796] cloud-init[700]: ci-info: +-------+-------------+---------+-----------+-------+
[   29.870130] cloud-init[700]: ci-info: | Route | Destination | Gateway | Interface | Flags |
[   29.870369] cloud-init[700]: ci-info: +-------+-------------+---------+-----------+-------+
[   29.870586] cloud-init[700]: ci-info: |   1   |  fe80::/64  |    ::   |   enp0s8  |   U   |
[   29.870822] cloud-init[700]: ci-info: |   2   |  fe80::/64  |    ::   |   enp0s3  |   U   |
[   29.871164] cloud-init[700]: ci-info: |   4   |    local    |    ::   |   enp0s3  |   U   |
Starting LXD - unix socket.
[   29.872262] cloud-init[700]: ci-info: |   5   |    local    |    ::   |   enp0s8  |   U   |
[[0;32m  OK  [0m] Started ACPI Events Check.
[[0;32m  OK  [0m] Reached target Paths.
[[0;32m  OK  [0m] Listening on D-Bus System Message Bus Socket.
[[0;32m  OK  [0m] Listening on ACPID Listen Socket.
[   32.342464] cloud-init[700]: ci-info: |   6   |   ff00::/8  |    ::   |   enp0s8  |   U   |
[   32.712866] cloud-init[700]: ci-info: |   7   |   ff00::/8  |    ::   |   enp0s3  |   U   |
[   32.812820] cloud-init[700]: ci-info: +-------+-------------+---------+-----------+-------+
[[0;32m  OK  [0m] Started Discard unused blocks once a week.
[[0;32m  OK  [0m] Listening on UUID daemon activation socket.
         Starting Socket activation for snappy daemon.
[[0;32m  OK  [0m] Listening on Open-iSCSI iscsid Socket.
[[0;32m  OK  [0m] Started Daily apt download activities.
[[0;32m  OK  [0m] Started Daily apt upgrade and clean activities.
[[0;32m  OK  [0m] Started Message of the Day.
[[0;32m  OK  [0m] Started Daily Cleanup of Temporary Directories.
[[0;32m  OK  [0m] Reached target Timers.
[[0;32m  OK  [0m] Reached target Cloud-config availability.
[[0;32m  OK  [0m] Started Availability of block devices.
[[0;32m  OK  [0m] Listening on LXD - unix socket.
[[0;32m  OK  [0m] Listening on Socket activation for snappy daemon.
[[0;32m  OK  [0m] Reached target Sockets.
[[0;32m  OK  [0m] Reached target Basic System.
[[0;32m  OK  [0m] Started Deferred execution scheduler.
         Starting System Logging Service...
         Starting Login Service...
[[0;32m  OK  [0m] Started irqbalance daemon.
[[0;32m  OK  [0m] Started FUSE filesystem for LXC.
         Starting LSB: Record successful boot for GRUB...
         Starting LSB: automatic crash report generation...
         Starting vboxadd.service...
         Starting OpenBSD Secure Shell server...
         Starting Permit User Sessions...
         Starting Snappy daemon...
         Starting Dispatcher daemon for systemd-networkd...
         Starting Accounts Service...
[[0;32m  OK  [0m] Started Regular background program processing daemon.
[[0;32m  OK  [0m] Started D-Bus System Message Bus.
[[0;32m  OK  [0m] Started Login Service.
[[0;32m  OK  [0m] Started Unattended Upgrades Shutdown.
         Starting LXD - container startup/shutdown...
[[0;32m  OK  [0m] Started System Logging Service.
[[0;32m  OK  [0m] Started Snappy daemon.
[[0;32m  OK  [0m] Started Permit User Sessions.
[[0;32m  OK  [0m] Started OpenBSD Secure Shell server.
         Starting Authorization Manager...
         Starting Terminate Plymouth Boot Screen...
         Starting Hold until boot process finishes up...
         Starting Wait until snapd is fully seeded...
[[0;32m  OK  [0m] Started vboxadd.service.
[[0;32m  OK  [0m] Started Terminate Plymouth Boot Screen.
[[0;32m  OK  [0m] Started Hold until boot process finishes up.
[[0;32m  OK  [0m] Started Authorization Manager.
         Starting Set console scheme...
[[0;32m  OK  [0m] Started Serial Getty on ttyS0.
         Starting vboxadd-service.service...
[[0;32m  OK  [0m] Started LSB: Record successful boot for GRUB.
[[0;32m  OK  [0m] Started LSB: automatic crash report generation.
[[0;32m  OK  [0m] Started LXD - container startup/shutdown.
[[0;32m  OK  [0m] Started Wait until snapd is fully seeded.
[[0;32m  OK  [0m] Started Dispatcher daemon for systemd-networkd.
[[0;32m  OK  [0m] Started Set console scheme.
[[0;32m  OK  [0m] Started vboxadd-service.service.
[[0;32m  OK  [0m] Started Accounts Service.
[[0;32m  OK  [0m] Created slice system-getty.slice.
[[0;32m  OK  [0m] Started Getty on tty1.
[[0;32m  OK  [0m] Reached target Login Prompts.
         Starting Apply the settings specified in cloud-config...
[[0;32m  OK  [0m] Reached target Multi-User System.
[[0;32m  OK  [0m] Reached target Graphical Interface.
         Starting Update UTMP about System Runlevel Changes...
[[0;32m  OK  [0m] Started Update UTMP about System Runlevel Changes.
[   37.669116] cloud-init[1045]: Cloud-init v. 19.1-1-gbaa47854-0ubuntu1~18.04.1 running 'modules:config' at Tue, 02 Jul 2019 03:44:30 +0000. Up 37.36 seconds.
[[0;32m  OK  [0m] Started Apply the settings specified in cloud-config.
         Starting Execute cloud user/final scripts...
[   39.383988] cloud-init[1109]: Cloud-init v. 19.1-1-gbaa47854-0ubuntu1~18.04.1 running 'modules:final' at Tue, 02 Jul 2019 03:44:32 +0000. Up 39.03 seconds.
[[0;32m  OK  [0m] Started Execute cloud user/final scripts.
[   39.552949] cloud-init[1109]: Cloud-init v. 19.1-1-gbaa47854-0ubuntu1~18.04.1 finished at Tue, 02 Jul 2019 03:44:32 +0000. Datasource DataSourceNoCloud [seed=/dev/sdb][dsmode=net].  Up 39.36 seconds
[[0;32m  OK  [0m] Reached target Cloud-init target.

Ubuntu 18.04.2 LTS ubuntu-bionic ttyS0

ubuntu-bionic login: [[0;32m  OK  [0m] Stopped target Graphical Interface.
[[0;32m  OK  [0m] Stopped target           Stopping LXD - container startup/shutdown...
         Stopping Session 1 of user vagrant.
         Stopping Availability of block devices...
         Stopping Dispatcher daemon for systemd-networkd...
[[0;32m  OK  [0m] Stopped target System Time Synchronized.
         Stopping OpenBSD Secure Shell server...
         Stopping D-Bus System Message Bus...
[[0;32m  OK  [0m] Stopped Wait until snapd is fully seeded.
[[0;32m  OK  [0m] Unmounted /var/lib/lxcfs.
[[0;32m  OK  [0m] Stopped Deferred execution scheduler.
[[0;32m  OK  [0m] Stopped System Logging Service.
[[0;32m  OK  [0m] Stopped irqbalance daemon.
[[0;32m  OK  [0m] Stopped Dispatcher daemon for systemd-networkd.
[[0;32m  OK  [0m] Stopped Accounts Service.
[[0;32m  OK  [0m] Stopped Regular background program processing daemon.
[[0;32m  OK  [0m] Stopped Unattended Upgrades Shutdown.
[[0;32m  OK  [0m] Stopped OpenBSD Secure Shell server.
[[0;32m  OK  [0m] Stopped Authorization Manager.
[[0;32m  OK  [0m] Stopped Serial Getty on ttyS0.
[[0;32m  OK  [0m] Stopped Getty on tty1.
[[0;32m  OK  [0m] Stopped User Manager for UID 1000.
[[0;32m  OK  [0m] Stopped vboxadd-service.service.
[[0;32m  OK  [0m] Stopped Availability of block devices.
[[0;32m  OK  [0m] Stopped D-Bus System Message Bus.
[[0;32m  OK  [0m] Stopped FUSE filesystem for LXC.
[[0;32m  OK  [0m] Stopped Session 1 of user vagrant.
[[0;32m  OK  [0m] Stopped LXD - container startup/shutdown.
[[0;32m  OK  [0m] Stopped LSB: automatic crash report generation.
         Stopping vboxadd.service...
[[0;32m  OK  [0m] Removed slice User Slice of vagrant.
[[0;32m  OK  [0m] Removed slice system-getty.slice.
         Stopping Permit User Sessions...
[[0;32m  OK  [0m] Removed slice system-serial\x2dgetty.slice.
         Stopping Login Service...
[[0;32m  OK  [0m] Stopped LSB: Record successful boot for GRUB.
[[0;32m  OK  [0m] Stopped vboxadd.service.
[[0;32m  OK  [0m] Stopped Permit User Sessions.
[[0;32m  OK  [0m] Stopped Login Service.
[[0;32m  OK  [0m] Stopped target User and Group Name Lookups.
[[0;32m  OK  [0m] Stopped target Network.
         Stopping Network Name Resolution...
[[0;32m  OK  [0m] Stopped target Remote File Systems.
[[0;32m  OK  [0m] Stopped target Remote File Systems (Pre).
[[0;32m  OK  [0m] Stopped target Basic System.
[[0;32m  OK  [0m] Stopped target Paths.
[[0;32m  OK  [0m] Stopped ACPI Events Check.
[[0;32m  OK  [0m] Stopped target Sockets.
[[0;32m  OK  [0m] Closed D-Bus System Message Bus Socket.
[[0;32m  OK  [0m] Closed UUID daemon activation socket.
[[0;32m  OK  [0m] Closed Syslog Socket.
[[0;32m  OK  [0m] Closed Socket activation for snappy daemon.
[[0;32m  OK  [0m] Closed LXD - unix socket.
[[0;32m  OK  [0m] Closed ACPID Listen Socket.
[[0;32m  OK  [0m] Closed Open-iSCSI iscsid Socket.
[[0;32m  OK  [0m] Stopped target Slices.
[[0;32m  OK  [0m] Removed slice User and Session Slice.
[[0;32m  OK  [0m] Stopped target System Initialization.
[[0;32m  OK  [0m] Stopped Initial cloud-init job (metadata service crawler).
[[0;32m  OK  [0m] Stopped Wait for Network to be Configured.
         Stopping Load/Save Random Seed...
         Stopping Update UTMP about System Boot/Shutdown...
[[0;32m  OK  [0m] Stopped target Local Encrypted Volumes.
[[0;32m  OK  [0m] Stopped Forward Password Requests to Wall Directory Watch.
[[0;32m  OK  [0m] Stopped Dispatch Password Requests to Console Directory Watch.
[[0;32m  OK  [0m] Stopped Network Name Resolution.
[[0;32m  OK  [0m] Stopped Load/Save Random Seed.
         Stopping Network Service...
[[0;32m  OK  [0m] Stopped Update UTMP about System Boot/Shutdown.
[[0;32m  OK  [0m] Stopped Network Service.
[[0;32m  OK  [0m] Stopped Apply Kernel Variables.
[[0;32m  OK  [0m] Stopped Load Kernel Modules.
[[0;32m  OK  [0m] Stopped target Network (Pre).
[[0;32m  OK  [0m] Stopped Initial cloud-init job (pre-networking).
[[0;32m  OK  [0m] Stopped Create Volatile Files and Directories.
[[0;32m  OK  [0m] Stopped target Local File Systems.
         Unmounting /run/user/1000...
[[0;32m  OK  [0m] Unmounted /run/user/1000.
[[0;32m  OK  [0m] Reached target Unmount All Filesystems.
[[0;32m  OK  [0m] Stopped target Swap.
[[0;32m  OK  [0m] Stopped target Local File Systems (Pre).
         Stopping Monitoring of LVM2 mirrors…ng dmeventd or progress polling...
[[0;32m  OK  [0m] Stopped Remount Root and Kernel File Systems.
[[0;32m  OK  [0m] Stopped Create Static Device Nodes in /dev.
[[0;32m  OK  [0m] Reached target Shutdown.
[[0;32m  OK  [0m] Reached target Final Step.
         Starting Power-Off...
[[0;32m  OK  [0m] Stopped Monitoring of LVM2 mirrors,…sing dmeventd or progress polling.
         Stopping LVM2 metadata daemon...
[[0;32m  OK  [0m] Stopped LVM2 metadata daemon.
[  449.616315] reboot: Power down
